<?xml version="1.0" encoding="UTF-8"?>
<!-- Generated by org.testng.reporters.JUnitReportReporter -->
<testsuite skipped="0" hostname="BAN-NANDANSW10" name="Runner.TestRunner" tests="1" failures="0" timestamp="14 Sep 2018 13:12:16 GMT" time="70.289" errors="0">
  <testcase name="feature" time="70.289" classname="Runner.TestRunner"/>
</testsuite> <!-- Runner.TestRunner -->
